java.sql.SQLSyntaxErrorException: Table 'orderdb.undo_log' doesn't exist
	at com.mysql.cj.jdbc.exceptions.SQLError.createSQLException(SQLError.java:120) ~[mysql-connector-java-8.0.21.jar:8.0.21]
	at com.mysql.cj.jdbc.exceptions.SQLError.createSQLException(SQLError.java:97) ~[mysql-connector-java-8.0.21.jar:8.0.21]
	at com.mysql.cj.jdbc.exceptions.SQLExceptionsMapping.translateException(SQLExceptionsMapping.java:122) ~[mysql-connector-java-8.0.21.jar:8.0.21]
	at com.mysql.cj.jdbc.ClientPreparedStatement.executeInternal(ClientPreparedStatement.java:953) ~[mysql-connector-java-8.0.21.jar:8.0.21]
	at com.mysql.cj.jdbc.ClientPreparedStatement.executeUpdateInternal(ClientPreparedStatement.java:1092) ~[mysql-connector-java-8.0.21.jar:8.0.21]
	at com.mysql.cj.jdbc.ClientPreparedStatement.executeUpdateInternal(ClientPreparedStatement.java:1040) ~[mysql-connector-java-8.0.21.jar:8.0.21]
	at com.mysql.cj.jdbc.ClientPreparedStatement.executeLargeUpdate(ClientPreparedStatement.java:1347) ~[mysql-connector-java-8.0.21.jar:8.0.21]
	at com.mysql.cj.jdbc.ClientPreparedStatement.executeUpdate(ClientPreparedStatement.java:1025) ~[mysql-connector-java-8.0.21.jar:8.0.21]
	at com.alibaba.druid.pool.DruidPooledPreparedStatement.executeUpdate(DruidPooledPreparedStatement.java:255) ~[druid-1.1.19.jar:1.1.19]
	at io.seata.rm.datasource.undo.mysql.MySQLUndoLogManager.insertUndoLog(MySQLUndoLogManager.java:100) ~[seata-all-1.4.1.jar:1.4.1]
	at io.seata.rm.datasource.undo.mysql.MySQLUndoLogManager.insertUndoLogWithNormal(MySQLUndoLogManager.java:76) ~[seata-all-1.4.1.jar:1.4.1]
	at io.seata.rm.datasource.undo.AbstractUndoLogManager.flushUndoLogs(AbstractUndoLogManager.java:220) ~[seata-all-1.4.1.jar:1.4.1]
	at io.seata.rm.datasource.ConnectionProxy.processGlobalTransactionCommit(ConnectionProxy.java:224) [seata-all-1.4.1.jar:1.4.1]
	at io.seata.rm.datasource.ConnectionProxy.doCommit(ConnectionProxy.java:199) [seata-all-1.4.1.jar:1.4.1]
	at io.seata.rm.datasource.ConnectionProxy.lambda$commit$0(ConnectionProxy.java:184) [seata-all-1.4.1.jar:1.4.1]
	at io.seata.rm.datasource.ConnectionProxy$LockRetryPolicy.execute(ConnectionProxy.java:292) ~[seata-all-1.4.1.jar:1.4.1]
	at io.seata.rm.datasource.ConnectionProxy.commit(ConnectionProxy.java:183) [seata-all-1.4.1.jar:1.4.1]
	at org.hibernate.resource.jdbc.internal.AbstractLogicalConnectionImplementor.commit(AbstractLogicalConnectionImplementor.java:86) ~[hibernate-core-5.4.29.Final.jar:5.4.29.Final]
	at org.hibernate.resource.transaction.backend.jdbc.internal.JdbcResourceLocalTransactionCoordinatorImpl$TransactionDriverControlImpl.commit(JdbcResourceLocalTransactionCoordinatorImpl.java:282) ~[hibernate-core-5.4.29.Final.jar:5.4.29.Final]
	at org.hibernate.engine.transaction.internal.TransactionImpl.commit(TransactionImpl.java:101) ~[hibernate-core-5.4.29.Final.jar:5.4.29.Final]
	at org.springframework.orm.jpa.JpaTransactionManager.doCommit(JpaTransactionManager.java:534) ~[spring-orm-5.2.8.RELEASE.jar:5.2.8.RELEASE]
	at org.springframework.transaction.support.AbstractPlatformTransactionManager.processCommit(AbstractPlatformTransactionManager.java:743) ~[spring-tx-5.2.8.RELEASE.jar:5.2.8.RELEASE]
	at org.springframework.transaction.support.AbstractPlatformTransactionManager.commit(AbstractPlatformTransactionManager.java:711) ~[spring-tx-5.2.8.RELEASE.jar:5.2.8.RELEASE]
	at org.springframework.transaction.interceptor.TransactionAspectSupport.commitTransactionAfterReturning(TransactionAspectSupport.java:633) ~[spring-tx-5.2.8.RELEASE.jar:5.2.8.RELEASE]
	at org.springframework.transaction.interceptor.TransactionAspectSupport.invokeWithinTransaction(TransactionAspectSupport.java:386) ~[spring-tx-5.2.8.RELEASE.jar:5.2.8.RELEASE]
	at org.springframework.transaction.interceptor.TransactionInterceptor.invoke(TransactionInterceptor.java:118) ~[spring-tx-5.2.8.RELEASE.jar:5.2.8.RELEASE]
	at org.springframework.aop.framework.ReflectiveMethodInvocation.proceed(ReflectiveMethodInvocation.java:186) ~[spring-aop-5.2.8.RELEASE.jar:5.2.8.RELEASE]
	at org.springframework.aop.framework.CglibAopProxy$CglibMethodInvocation.proceed(CglibAopProxy.java:749) ~[spring-aop-5.2.8.RELEASE.jar:5.2.8.RELEASE]
	at io.seata.spring.annotation.GlobalTransactionalInterceptor$2.execute(GlobalTransactionalInterceptor.java:184) ~[seata-all-1.4.1.jar:1.4.1]
	at io.seata.tm.api.TransactionalTemplate.execute(TransactionalTemplate.java:127) ~[seata-all-1.4.1.jar:1.4.1]
	at io.seata.spring.annotation.GlobalTransactionalInterceptor.handleGlobalTransaction(GlobalTransactionalInterceptor.java:181) ~[seata-all-1.4.1.jar:1.4.1]
	at io.seata.spring.annotation.GlobalTransactionalInterceptor.invoke(GlobalTransactionalInterceptor.java:150) ~[seata-all-1.4.1.jar:1.4.1]
	at org.springframework.aop.framework.ReflectiveMethodInvocation.proceed(ReflectiveMethodInvocation.java:186) ~[spring-aop-5.2.8.RELEASE.jar:5.2.8.RELEASE]
	at org.springframework.aop.framework.CglibAopProxy$CglibMethodInvocation.proceed(CglibAopProxy.java:749) ~[spring-aop-5.2.8.RELEASE.jar:5.2.8.RELEASE]
	at org.springframework.aop.framework.CglibAopProxy$DynamicAdvisedInterceptor.intercept(CglibAopProxy.java:691) ~[spring-aop-5.2.8.RELEASE.jar:5.2.8.RELEASE]
	at com.example.seata.order.entity.OrderServiceImpl$$EnhancerBySpringCGLIB$$75c717c7.saveOrder(<generated>) ~[classes/:na]
	at com.example.seata.order.controller.OrderServiceController.saveOrder(OrderServiceController.java:20) ~[classes/:na]
	at sun.reflect.NativeMethodAccessorImpl.invoke0(Native Method) ~[na:1.8.0_202]
	at sun.reflect.NativeMethodAccessorImpl.invoke(NativeMethodAccessorImpl.java:62) ~[na:1.8.0_202]
	at sun.reflect.DelegatingMethodAccessorImpl.invoke(DelegatingMethodAccessorImpl.java:43) ~[na:1.8.0_202]
	at java.lang.reflect.Method.invoke(Method.java:498) ~[na:1.8.0_202]
	at org.springframework.web.method.support.InvocableHandlerMethod.doInvoke(InvocableHandlerMethod.java:190) ~[spring-web-5.2.8.RELEASE.jar:5.2.8.RELEASE]
	at org.springframework.web.method.support.InvocableHandlerMethod.invokeForRequest(InvocableHandlerMethod.java:138) ~[spring-web-5.2.8.RELEASE.jar:5.2.8.RELEASE]
	at org.springframework.web.servlet.mvc.method.annotation.ServletInvocableHandlerMethod.invokeAndHandle(ServletInvocableHandlerMethod.java:105) ~[spring-webmvc-5.2.8.RELEASE.jar:5.2.8.RELEASE]
	at org.springframework.web.servlet.mvc.method.annotation.RequestMappingHandlerAdapter.invokeHandlerMethod(RequestMappingHandlerAdapter.java:878) ~[spring-webmvc-5.2.8.RELEASE.jar:5.2.8.RELEASE]
	at org.springframework.web.servlet.mvc.method.annotation.RequestMappingHandlerAdapter.handleInternal(RequestMappingHandlerAdapter.java:792) ~[spring-webmvc-5.2.8.RELEASE.jar:5.2.8.RELEASE]
	at org.springframework.web.servlet.mvc.method.AbstractHandlerMethodAdapter.handle(AbstractHandlerMethodAdapter.java:87) ~[spring-webmvc-5.2.8.RELEASE.jar:5.2.8.RELEASE]
	at org.springframework.web.servlet.DispatcherServlet.doDispatch(DispatcherServlet.java:1040) ~[spring-webmvc-5.2.8.RELEASE.jar:5.2.8.RELEASE]
	at org.springframework.web.servlet.DispatcherServlet.doService(DispatcherServlet.java:943) ~[spring-webmvc-5.2.8.RELEASE.jar:5.2.8.RELEASE]
	at org.springframework.web.servlet.FrameworkServlet.processRequest(FrameworkServlet.java:1006) ~[spring-webmvc-5.2.8.RELEASE.jar:5.2.8.RELEASE]
	at org.springframework.web.servlet.FrameworkServlet.doGet(FrameworkServlet.java:898) ~[spring-webmvc-5.2.8.RELEASE.jar:5.2.8.RELEASE]
	at javax.servlet.http.HttpServlet.service(HttpServlet.java:626) ~[tomcat-embed-core-9.0.37.jar:4.0.FR]
	at org.springframework.web.servlet.FrameworkServlet.service(FrameworkServlet.java:883) ~[spring-webmvc-5.2.8.RELEASE.jar:5.2.8.RELEASE]
	at javax.servlet.http.HttpServlet.service(HttpServlet.java:733) ~[tomcat-embed-core-9.0.37.jar:4.0.FR]
	at org.apache.catalina.core.ApplicationFilterChain.internalDoFilter(ApplicationFilterChain.java:231) ~[tomcat-embed-core-9.0.37.jar:9.0.37]
	at org.apache.catalina.core.ApplicationFilterChain.doFilter(ApplicationFilterChain.java:166) ~[tomcat-embed-core-9.0.37.jar:9.0.37]
	at org.apache.tomcat.websocket.server.WsFilter.doFilter(WsFilter.java:53) ~[tomcat-embed-websocket-9.0.37.jar:9.0.37]
	at org.apache.catalina.core.ApplicationFilterChain.internalDoFilter(ApplicationFilterChain.java:193) ~[tomcat-embed-core-9.0.37.jar:9.0.37]
	at org.apache.catalina.core.ApplicationFilterChain.doFilter(ApplicationFilterChain.java:166) ~[tomcat-embed-core-9.0.37.jar:9.0.37]
	at org.springframework.web.filter.RequestContextFilter.doFilterInternal(RequestContextFilter.java:100) ~[spring-web-5.2.8.RELEASE.jar:5.2.8.RELEASE]
	at org.springframework.web.filter.OncePerRequestFilter.doFilter(OncePerRequestFilter.java:119) ~[spring-web-5.2.8.RELEASE.jar:5.2.8.RELEASE]
	at org.apache.catalina.core.ApplicationFilterChain.internalDoFilter(ApplicationFilterChain.java:193) ~[tomcat-embed-core-9.0.37.jar:9.0.37]
	at org.apache.catalina.core.ApplicationFilterChain.doFilter(ApplicationFilterChain.java:166) ~[tomcat-embed-core-9.0.37.jar:9.0.37]
	at org.springframework.web.filter.FormContentFilter.doFilterInternal(FormContentFilter.java:93) ~[spring-web-5.2.8.RELEASE.jar:5.2.8.RELEASE]
	at org.springframework.web.filter.OncePerRequestFilter.doFilter(OncePerRequestFilter.java:119) ~[spring-web-5.2.8.RELEASE.jar:5.2.8.RELEASE]
	at org.apache.catalina.core.ApplicationFilterChain.internalDoFilter(ApplicationFilterChain.java:193) ~[tomcat-embed-core-9.0.37.jar:9.0.37]
	at org.apache.catalina.core.ApplicationFilterChain.doFilter(ApplicationFilterChain.java:166) ~[tomcat-embed-core-9.0.37.jar:9.0.37]
	at org.springframework.web.filter.CharacterEncodingFilter.doFilterInternal(CharacterEncodingFilter.java:201) ~[spring-web-5.2.8.RELEASE.jar:5.2.8.RELEASE]
	at org.springframework.web.filter.OncePerRequestFilter.doFilter(OncePerRequestFilter.java:119) ~[spring-web-5.2.8.RELEASE.jar:5.2.8.RELEASE]
	at org.apache.catalina.core.ApplicationFilterChain.internalDoFilter(ApplicationFilterChain.java:193) ~[tomcat-embed-core-9.0.37.jar:9.0.37]
	at org.apache.catalina.core.ApplicationFilterChain.doFilter(ApplicationFilterChain.java:166) ~[tomcat-embed-core-9.0.37.jar:9.0.37]
	at org.apache.catalina.core.StandardWrapperValve.invoke(StandardWrapperValve.java:202) ~[tomcat-embed-core-9.0.37.jar:9.0.37]
	at org.apache.catalina.core.StandardContextValve.invoke(StandardContextValve.java:96) ~[tomcat-embed-core-9.0.37.jar:9.0.37]
	at org.apache.catalina.authenticator.AuthenticatorBase.invoke(AuthenticatorBase.java:541) ~[tomcat-embed-core-9.0.37.jar:9.0.37]
	at org.apache.catalina.core.StandardHostValve.invoke(StandardHostValve.java:139) ~[tomcat-embed-core-9.0.37.jar:9.0.37]
	at org.apache.catalina.valves.ErrorReportValve.invoke(ErrorReportValve.java:92) ~[tomcat-embed-core-9.0.37.jar:9.0.37]
	at org.apache.catalina.core.StandardEngineValve.invoke(StandardEngineValve.java:74) ~[tomcat-embed-core-9.0.37.jar:9.0.37]
	at org.apache.catalina.connector.CoyoteAdapter.service(CoyoteAdapter.java:343) ~[tomcat-embed-core-9.0.37.jar:9.0.37]
	at org.apache.coyote.http11.Http11Processor.service(Http11Processor.java:373) ~[tomcat-embed-core-9.0.37.jar:9.0.37]
	at org.apache.coyote.AbstractProcessorLight.process(AbstractProcessorLight.java:65) ~[tomcat-embed-core-9.0.37.jar:9.0.37]
	at org.apache.coyote.AbstractProtocol$ConnectionHandler.process(AbstractProtocol.java:868) ~[tomcat-embed-core-9.0.37.jar:9.0.37]
	at org.apache.tomcat.util.net.NioEndpoint$SocketProcessor.doRun(NioEndpoint.java:1589) ~[tomcat-embed-core-9.0.37.jar:9.0.37]
	at org.apache.tomcat.util.net.SocketProcessorBase.run(SocketProcessorBase.java:49) ~[tomcat-embed-core-9.0.37.jar:9.0.37]
	at java.util.concurrent.ThreadPoolExecutor.runWorker(ThreadPoolExecutor.java:1149) ~[na:1.8.0_202]
	at java.util.concurrent.ThreadPoolExecutor$Worker.run(ThreadPoolExecutor.java:624) ~[na:1.8.0_202]
	at org.apache.tomcat.util.threads.TaskThread$WrappingRunnable.run(TaskThread.java:61) ~[tomcat-embed-core-9.0.37.jar:9.0.37]
	at java.lang.Thread.run(Thread.java:748) ~[na:1.8.0_202]